d:\шаг\системне програмування дз\13.02.2024 hw\project1\x64\debug\vc143.pdb
d:\шаг\системне програмування дз\13.02.2024 hw\project1\x64\debug\vc143.idb
d:\шаг\системне програмування дз\13.02.2024 hw\project1\x64\debug\filename.obj
d:\шаг\системне програмування дз\13.02.2024 hw\project1\x64\debug\project1.res
d:\шаг\системне програмування дз\13.02.2024 hw\x64\debug\project1.pdb
d:\шаг\системне програмування дз\13.02.2024 hw\project1\x64\debug\project1.tlog\cl.command.1.tlog
d:\шаг\системне програмування дз\13.02.2024 hw\project1\x64\debug\project1.tlog\cl.read.1.tlog
d:\шаг\системне програмування дз\13.02.2024 hw\project1\x64\debug\project1.tlog\cl.write.1.tlog
d:\шаг\системне програмування дз\13.02.2024 hw\project1\x64\debug\project1.tlog\link-cvtres.read.1.tlog
d:\шаг\системне програмування дз\13.02.2024 hw\project1\x64\debug\project1.tlog\link-cvtres.write.1.tlog
d:\шаг\системне програмування дз\13.02.2024 hw\project1\x64\debug\project1.tlog\link-rc.read.1.tlog
d:\шаг\системне програмування дз\13.02.2024 hw\project1\x64\debug\project1.tlog\link-rc.write.1.tlog
d:\шаг\системне програмування дз\13.02.2024 hw\project1\x64\debug\project1.tlog\link.command.1.tlog
d:\шаг\системне програмування дз\13.02.2024 hw\project1\x64\debug\project1.tlog\link.read.1.tlog
d:\шаг\системне програмування дз\13.02.2024 hw\project1\x64\debug\project1.tlog\link.read.2.tlog
d:\шаг\системне програмування дз\13.02.2024 hw\project1\x64\debug\project1.tlog\link.read.3.tlog
d:\шаг\системне програмування дз\13.02.2024 hw\project1\x64\debug\project1.tlog\link.read.4.tlog
d:\шаг\системне програмування дз\13.02.2024 hw\project1\x64\debug\project1.tlog\link.write.1.tlog
d:\шаг\системне програмування дз\13.02.2024 hw\project1\x64\debug\project1.tlog\rc.command.1.tlog
d:\шаг\системне програмування дз\13.02.2024 hw\project1\x64\debug\project1.tlog\rc.read.1.tlog
d:\шаг\системне програмування дз\13.02.2024 hw\project1\x64\debug\project1.tlog\rc.write.1.tlog
